Using pre-set license
Built from '2020.3/release' branch; Version is '2020.3.12f1 (b3b2c6512326) revision 11776710'; Using compiler version '192528614'; Build Type 'Release'
OS: 'Windows 10 Home; OS build 19042.1052; Version 2009; 64bit' Language: 'en' Physical Memory: 8051 MB
BatchMode: 1, IsHumanControllingUs: 0, StartBugReporterOnCrash: 0, Is64bit: 1, IsPro: 0

 COMMAND LINE ARGUMENTS:
C:\Program Files\Unity\Hub\Editor\2020.3.12f1\Editor\Unity.exe
-adb2
-batchMode
-noUpm
-name
AssetImportWorker1
-projectPath
C:/Users/Ezra/CS-Stuff/GameDev/TopDungeon
-logFile
Logs/AssetImportWorker1.log
-srvPort
52497
Successfully changed project path to: C:/Users/Ezra/CS-Stuff/GameDev/TopDungeon
C:/Users/Ezra/CS-Stuff/GameDev/TopDungeon
Using Asset Import Pipeline V2.
Refreshing native plugins compatible for Editor in 51.47 ms, found 3 plugins.
Preloading 0 native plugins for Editor in 0.00 ms.
Initialize engine version: 2020.3.12f1 (b3b2c6512326)
[Subsystems] Discovering subsystems at path C:/Program Files/Unity/Hub/Editor/2020.3.12f1/Editor/Data/Resources/UnitySubsystems
[Subsystems] Discovering subsystems at path C:/Users/Ezra/CS-Stuff/GameDev/TopDungeon/Assets
GfxDevice: creating device client; threaded=0
Direct3D:
    Version:  Direct3D 11.0 [level 11.0]
    Renderer: NVIDIA GeForce GTX 960M (ID=0x139b)
    Vendor:   
    VRAM:     4064 MB
    Driver:   21.21.13.7667
Initialize mono
Mono path[0] = 'C:/Program Files/Unity/Hub/Editor/2020.3.12f1/Editor/Data/Managed'
Mono path[1] = 'C:/Program Files/Unity/Hub/Editor/2020.3.12f1/Editor/Data/MonoBleedingEdge/lib/mono/unityjit'
Mono config path = 'C:/Program Files/Unity/Hub/Editor/2020.3.12f1/Editor/Data/MonoBleedingEdge/etc'
Using monoOptions --debugger-agent=transport=dt_socket,embedding=1,server=y,suspend=n,address=127.0.0.1:56192
Begin MonoManager ReloadAssembly
Registering precompiled unity dll's ...
Register platform support module: C:/Program Files/Unity/Hub/Editor/2020.3.12f1/Editor/Data/PlaybackEngines/WindowsStandaloneSupport/UnityEditor.WindowsStandalone.Extensions.dll
Registered in 0.002225 seconds.
Native extension for WindowsStandalone target not found
Refreshing native plugins compatible for Editor in 47.73 ms, found 3 plugins.
Preloading 0 native plugins for Editor in 0.00 ms.
Mono: successfully reloaded assembly
- Completed reload, in  1.426 seconds
Platform modules already initialized, skipping
Registering precompiled user dll's ...
Registered in 0.005881 seconds.
Begin MonoManager ReloadAssembly
Native extension for WindowsStandalone target not found
Refreshing native plugins compatible for Editor in 45.22 ms, found 3 plugins.
Preloading 0 native plugins for Editor in 0.00 ms.
Mono: successfully reloaded assembly
- Completed reload, in  3.129 seconds
Platform modules already initialized, skipping
========================================================================
Worker process is ready to serve import requests
Launched and connected shader compiler UnityShaderCompiler.exe after 0.18 seconds
Refreshing native plugins compatible for Editor in 0.47 ms, found 3 plugins.
Preloading 0 native plugins for Editor in 0.00 ms.
Unloading 2080 Unused Serialized files (Serialized files now loaded: 0)
System memory in use before: 92.8 MB.
System memory in use after: 92.7 MB.

Unloading 33 unused Assets to reduce memory usage. Loaded Objects now: 2513.
Total: 3.248400 ms (FindLiveObjects: 0.211000 ms CreateObjectMapping: 0.120000 ms MarkObjects: 2.716700 ms  DeleteObjects: 0.199600 ms)

AssetImportParameters requested are different than current active one (requested -> active):
  custom:framework-win-MediaFoundation: 216162199b28c13a410421893ffa2e32 -> 
  custom:video-decoder-ogg-theora: a1e56fd34408186e4bbccfd4996cb3dc -> 
  custom:container-muxer-webm: aa71ff27fc2769a1b78a27578f13a17b -> 
  custom:container-demuxer-webm: 4f35f7cbe854078d1ac9338744f61a02 -> 
  custom:container-demuxer-ogg: 62fdf1f143b41e24485cea50d1cbac27 -> 
  custom:video-encoder-webm-vp8: eb34c28f22e8b96e1ab97ce403110664 -> 
  custom:video-codec-MediaFoundation-h265: 746d11721c4dcdbdad8f713fa42b33f4 -> 
  custom:video-decoder-webm-vp8: 9c59270c3fd7afecdb556c50c9e8de78 -> 
  custom:audio-decoder-ogg-vorbis: bf7c407c2cedff20999df2af8eb42d56 -> 
  custom:audio-encoder-webm-vorbis: bf7c407c2cedff20999df2af8eb42d56 -> 
========================================================================
Received Import Request.
  path: Assets
  artifactKey: Guid(00000000000000001000000000000000) Importer(815301076,1909f56bfc062723c751e8b465ee728b)
Start importing Assets using Guid(00000000000000001000000000000000) Importer(815301076,1909f56bfc062723c751e8b465ee728b)  -> (artifact id: '42d402b061de3733987d63b9cc3b64de') in 0.028824 seconds 
  Import took 0.073379 seconds .

========================================================================
Received Import Request.
  Time since last request: 36.685790 seconds.
  path: Assets/Scenes
  artifactKey: Guid(15802f0b4aab41d4ea479122e7ccaac4) Importer(815301076,1909f56bfc062723c751e8b465ee728b)
Start importing Assets/Scenes using Guid(15802f0b4aab41d4ea479122e7ccaac4) Importer(815301076,1909f56bfc062723c751e8b465ee728b)  -> (artifact id: '6c319bf787810ae7a9100b5a41000ba3') in 0.012138 seconds 
  Import took 0.037997 seconds .

========================================================================
Received Import Request.
  Time since last request: 662.059957 seconds.
  path: Assets/Artwork
  artifactKey: Guid(5afa0341cc1f7314bb8e7d309483ab22) Importer(815301076,1909f56bfc062723c751e8b465ee728b)
Start importing Assets/Artwork using Guid(5afa0341cc1f7314bb8e7d309483ab22) Importer(815301076,1909f56bfc062723c751e8b465ee728b)  -> (artifact id: 'cb2d8a8ef5412e1db32cf3fe0e49f62c') in 0.012131 seconds 
  Import took 0.072461 seconds .

========================================================================
Received Import Request.
  Time since last request: 11.079962 seconds.
  path: Assets/Artwork/Animations
  artifactKey: Guid(089b235e1003c23469b6cfcc8c8ba5e9) Importer(815301076,1909f56bfc062723c751e8b465ee728b)
Start importing Assets/Artwork/Animations using Guid(089b235e1003c23469b6cfcc8c8ba5e9) Importer(815301076,1909f56bfc062723c751e8b465ee728b)  -> (artifact id: '5ad23c53083e33ad341f482775a3cb2a') in 0.012589 seconds 
  Import took 0.021105 seconds .

========================================================================
Received Import Request.
  Time since last request: 14.246523 seconds.
  path: Assets/Artwork/New Folder
  artifactKey: Guid(db48134f768fe6e4391f332b9e2d389e) Importer(815301076,1909f56bfc062723c751e8b465ee728b)
Start importing Assets/Artwork/New Folder using Guid(db48134f768fe6e4391f332b9e2d389e) Importer(815301076,1909f56bfc062723c751e8b465ee728b)  -> (artifact id: '53dca754da59c35c24de0f6da049cfde') in 0.013121 seconds 
  Import took 0.134502 seconds .

========================================================================
Received Import Request.
  Time since last request: 5.761662 seconds.
  path: Assets/Artwork/Levels
  artifactKey: Guid(db48134f768fe6e4391f332b9e2d389e) Importer(815301076,1909f56bfc062723c751e8b465ee728b)
Start importing Assets/Artwork/Levels using Guid(db48134f768fe6e4391f332b9e2d389e) Importer(815301076,1909f56bfc062723c751e8b465ee728b)  -> (artifact id: '8d39357ab58302d2b9a233b5e41eeafa') in 0.014148 seconds 
  Import took 0.020010 seconds .

========================================================================
Received Import Request.
  Time since last request: 37.564766 seconds.
  path: Assets/Scripts
  artifactKey: Guid(e6314e8ca7d98c24da0e0972960c5e49) Importer(815301076,1909f56bfc062723c751e8b465ee728b)
Start importing Assets/Scripts using Guid(e6314e8ca7d98c24da0e0972960c5e49) Importer(815301076,1909f56bfc062723c751e8b465ee728b)  -> (artifact id: '10e0ea095014c218a01cdf6f759f9cb0') in 0.024746 seconds 
  Import took 0.040633 seconds .

